#
# A fatal error has been detected by the Java Runtime Environment:
#
#  EXCEPTION_ACCESS_VIOLATION (0xc0000005) at pc=0x0000000180005b00, pid=27988, tid=0x00000000000027f0
#
# JRE version: OpenJDK Runtime Environment (8.0_382-b05) (build 1.8.0_382-b05)
# Java VM: OpenJDK 64-Bit Server VM (25.382-b05 mixed mode windows-amd64 compressed oops)
# Problematic frame:
# C  [rxtxSerial.dll+0x5b00]
#
# Failed to write core dump. Minidumps are not enabled by default on client versions of Windows
#
# If you would like to submit a bug report, please visit:
#   https://github.com/corretto/corretto-8/issues/
# The crash happened outside the Java Virtual Machine in native code.
# See problematic frame for where to report the bug.
#

---------------  T H R E A D  ---------------

Current thread (0x0000026be03f1000):  JavaThread "Thread-23" [_thread_in_native, id=10224, stack(0x000000f409900000,0x000000f409a00000)]

siginfo: ExceptionCode=0xc0000005, reading address 0x00000000099ff2a8

Registers:
RAX=0x0000000000000001, RBX=0x0000000000000000, RCX=0x000000018001d4d5, RDX=0xfffffffffffff665
RSP=0x000000f4099fe810, RBP=0x00000000ffffffff, RSI=0x0000000000000000, RDI=0x0000026be03f1260
R8 =0x0000000000000002, R9 =0xfffffffffffff63c, R10=0x000000000000004c, R11=0x8101010101010100
R12=0x00000000099ff2a0, R13=0x000000000000000a, R14=0x000000f4099fe9f8, R15=0x0000000000000000
RIP=0x0000000180005b00, EFLAGS=0x0000000000010202

Top of Stack: (sp=0x000000f4099fe810)
0x000000f4099fe810:   0000000000000000 0000000000000000
0x000000f4099fe820:   000000f4099fea00 0000000000000000
0x000000f4099fe830:   0000000000000000 000000f4099fe9f8
0x000000f4099fe840:   0000026bdd9443f0 0000000000000001
0x000000f4099fe850:   0000026be03f1260 000000000000000a
0x000000f4099fe860:   ffffffffffffffff 0000000180006211
0x000000f4099fe870:   0000026be02d63b0 000000000000000a
0x000000f4099fe880:   0000000000000001 0000026be02d63b0
0x000000f4099fe890:   0000026b0000000a 0000026bffffffff
0x000000f4099fe8a0:   000000f4099fea00 0000026bdd9443f0
0x000000f4099fe8b0:   0000026be040d170 0000000058f8be45
0x000000f4099fe8c0:   000000f4099fef00 0000026be03f1000
0x000000f4099fe8d0:   0000026be03f1000 0000026be03f1000
0x000000f4099fe8e0:   0000026bdd9443f8 0000e91ede33c176
0x000000f4099fe8f0:   0000026bdd9443f8 0000026bdd9443f0
0x000000f4099fe900:   0000026be03f1000 000000f4099fea00 

Instructions: (pc=0x0000000180005b00)
0x0000000180005ae0:   15 23 7a 01 00 48 8d 48 60 e8 3a 5d 00 00 4c 8b
0x0000000180005af0:   e5 8b ac 24 88 00 00 00 44 8b ac 24 80 00 00 00
0x0000000180005b00:   45 8b 74 24 08 41 89 5c 24 08 41 8b fd 85 ed 78
0x0000000180005b10:   09 ff 15 e9 14 01 00 44 8b f8 45 85 ed 7e 4a 90 


Register to memory mapping:

RAX=0x0000000000000001 is an unknown value
RBX=0x0000000000000000 is an unknown value
RCX=0x000000018001d4d5 is an unknown value
RDX=0xfffffffffffff665 is an unknown value
RSP=0x000000f4099fe810 is pointing into the stack for thread: 0x0000026be03f1000
RBP=0x00000000ffffffff is an unknown value
RSI=0x0000000000000000 is an unknown value
RDI=0x0000026be03f1260 is an unknown value
R8 =0x0000000000000002 is an unknown value
R9 =0xfffffffffffff63c is an unknown value
R10=0x000000000000004c is an unknown value
R11=0x8101010101010100 is an unknown value
R12=0x00000000099ff2a0 is an unknown value
R13=0x000000000000000a is an unknown value
R14=0x000000f4099fe9f8 is pointing into the stack for thread: 0x0000026be03f1000
R15=0x0000000000000000 is an unknown value


Stack: [0x000000f409900000,0x000000f409a00000],  sp=0x000000f4099fe810,  free space=1018k
Native frames: (J=compiled Java code, j=interpreted, Vv=VM code, C=native code)
C  [rxtxSerial.dll+0x5b00]
C  [rxtxSerial.dll+0x6211]
C  0x0000026bc4a19c8e

Java frames: (J=compiled Java code, j=interpreted, Vv=VM code)
j  gnu.io.RXTXPort.readArray([BII)I+0
j  gnu.io.RXTXPort$SerialInputStream.read([BII)I+212
j  gnu.io.RXTXPort$SerialInputStream.read([B)I+60
j  com.cy.util.SerialPortUtil.readFromPort(Lgnu/io/SerialPort;)[B+43
j  com.cy.lister.MyLister.serialEvent(Lgnu/io/SerialPortEvent;)V+66
j  gnu.io.RXTXPort.sendEvent(IZ)Z+382
v  ~StubRoutines::call_stub
j  gnu.io.RXTXPort.eventLoop()V+0
j  gnu.io.RXTXPort$MonitorThread.run()V+12
v  ~StubRoutines::call_stub

---------------  P R O C E S S  ---------------

Java Threads: ( => current thread )
  0x0000026be0324000 JavaThread "RMI TCP Connection(idle)" daemon [_thread_blocked, id=25736, stack(0x000000f409a00000,0x000000f409b00000)]
  0x0000026bc2c11800 JavaThread "DestroyJavaVM" [_thread_blocked, id=9024, stack(0x000000f408000000,0x000000f408100000)]
=>0x0000026be03f1000 JavaThread "Thread-23" [_thread_in_native, id=10224, stack(0x000000f409900000,0x000000f409a00000)]
  0x0000026bdf9b0800 JavaThread "RMI Scheduler(0)" daemon [_thread_blocked, id=24388, stack(0x000000f409800000,0x000000f409900000)]
  0x0000026be04d9800 JavaThread "RMI TCP Connection(3)-172.20.2.36" daemon [_thread_in_native, id=22216, stack(0x000000f409700000,0x000000f409800000)]
  0x0000026be04e4800 JavaThread "scheduling-1" [_thread_blocked, id=2492, stack(0x000000f409600000,0x000000f409700000)]
  0x0000026bdfd71800 JavaThread "RMI TCP Accept-0" daemon [_thread_in_native, id=5444, stack(0x000000f409400000,0x000000f409500000)]
  0x0000026bdfb0d800 JavaThread "Service Thread" daemon [_thread_blocked, id=22776, stack(0x000000f409300000,0x000000f409400000)]
  0x0000026bdfa81000 JavaThread "C1 CompilerThread3" daemon [_thread_blocked, id=9948, stack(0x000000f409200000,0x000000f409300000)]
  0x0000026bdfa7a800 JavaThread "C2 CompilerThread2" daemon [_thread_blocked, id=15632, stack(0x000000f409100000,0x000000f409200000)]
  0x0000026bdfa79000 JavaThread "C2 CompilerThread1" daemon [_thread_blocked, id=27344, stack(0x000000f409000000,0x000000f409100000)]
  0x0000026bdfa7f800 JavaThread "C2 CompilerThread0" daemon [_thread_blocked, id=20728, stack(0x000000f408f00000,0x000000f409000000)]
  0x0000026bdfa77000 JavaThread "Monitor Ctrl-Break" daemon [_thread_in_native, id=11552, stack(0x000000f408e00000,0x000000f408f00000)]
  0x0000026bddd33800 JavaThread "Attach Listener" daemon [_thread_blocked, id=4344, stack(0x000000f408d00000,0x000000f408e00000)]
  0x0000026bddcd2800 JavaThread "Signal Dispatcher" daemon [_thread_blocked, id=4028, stack(0x000000f408c00000,0x000000f408d00000)]
  0x0000026bc2cba000 JavaThread "Finalizer" daemon [_thread_blocked, id=24324, stack(0x000000f408b00000,0x000000f408c00000)]
  0x0000026bddcb6800 JavaThread "Reference Handler" daemon [_thread_blocked, id=21364, stack(0x000000f408a00000,0x000000f408b00000)]

Other Threads:
  0x0000026bddc8f800 VMThread [stack: 0x000000f408900000,0x000000f408a00000] [id=18852]
  0x0000026bdfd77000 WatcherThread [stack: 0x000000f409500000,0x000000f409600000] [id=10212]

VM state:not at safepoint (normal execution)

VM Mutex/Monitor currently owned by a thread: None

heap address: 0x00000006c3200000, size: 4046 MB, Compressed Oops mode: Zero based, Oop shift amount: 3
Narrow klass base: 0x0000000000000000, Narrow klass shift: 3
Compressed class space size: 1073741824 Address: 0x00000007c0000000

Heap:
 PSYoungGen      total 75776K, used 18047K [0x000000076bb80000, 0x0000000774f80000, 0x00000007c0000000)
  eden space 65024K, 27% used [0x000000076bb80000,0x000000076cd1fc88,0x000000076fb00000)
  from space 10752K, 0% used [0x0000000770580000,0x0000000770580000,0x0000000771000000)
  to   space 10752K, 0% used [0x000000076fb00000,0x000000076fb00000,0x0000000770580000)
 ParOldGen       total 110080K, used 9364K [0x00000006c3200000, 0x00000006c9d80000, 0x000000076bb80000)
  object space 110080K, 8% used [0x00000006c3200000,0x00000006c3b25010,0x00000006c9d80000)
 Metaspace       used 20850K, capacity 22201K, committed 22400K, reserved 1069056K
  class space    used 2840K, capacity 3154K, committed 3200K, reserved 1048576K

Card table byte_map: [0x0000026bd3dc0000,0x0000026bd45b0000] byte_map_base: 0x0000026bd07a7000

Marking Bits: (ParMarkBitMap*) 0x00000000596e6850
 Begin Bits: [0x0000026bd4b00000, 0x0000026bd8a38000)
 End Bits:   [0x0000026bd8a38000, 0x0000026bdc970000)

Polling page: 0x0000026bc2d50000

CodeCache: size=245760Kb used=4601Kb max_used=4601Kb free=241158Kb
 bounds [0x0000026bc4a00000, 0x0000026bc4e80000, 0x0000026bd3a00000]
 total_blobs=2653 nmethods=2241 adapters=323
 compilation: enabled

Compilation events (10 events):
Event: 23.531 Thread 0x0000026bdfa81000 2237       1       java.net.NetworkInterface::access$000 (5 bytes)
Event: 23.531 Thread 0x0000026bdfa81000 nmethod 2237 0x0000026bc4e7cf50 code [0x0000026bc4e7d0a0, 0x0000026bc4e7d198]
Event: 23.532 Thread 0x0000026bdfa81000 2238       1       sun.rmi.server.MarshalInputStream::readLocation (5 bytes)
Event: 23.532 Thread 0x0000026bdfa81000 nmethod 2238 0x0000026bc4e7d210 code [0x0000026bc4e7d360, 0x0000026bc4e7d490]
Event: 23.532 Thread 0x0000026bdfa81000 2240       1       sun.rmi.transport.DGCImpl::checkInput (147 bytes)
Event: 23.532 Thread 0x0000026bdfa81000 nmethod 2240 0x0000026bc4e7d510 code [0x0000026bc4e7d6c0, 0x0000026bc4e7da40]
Event: 23.532 Thread 0x0000026bdfa81000 2241       1       java.io.ObjectInputStream$BlockDataInputStream::readFully (42 bytes)
Event: 23.532 Thread 0x0000026bdfa81000 nmethod 2241 0x0000026bc4e7dbd0 code [0x0000026bc4e7dd40, 0x0000026bc4e7df60]
Event: 23.532 Thread 0x0000026bdfa81000 2239       1       java.io.ObjectStreamClass::hasWriteObjectData (9 bytes)
Event: 23.532 Thread 0x0000026bdfa81000 nmethod 2239 0x0000026bc4e7e090 code [0x0000026bc4e7e200, 0x0000026bc4e7e3d0]

GC Heap History (6 events):
Event: 1.135 GC heap before
{Heap before GC invocations=1 (full 0):
 PSYoungGen      total 75776K, used 65024K [0x000000076bb80000, 0x0000000771000000, 0x00000007c0000000)
  eden space 65024K, 100% used [0x000000076bb80000,0x000000076fb00000,0x000000076fb00000)
  from space 10752K, 0% used [0x0000000770580000,0x0000000770580000,0x0000000771000000)
  to   space 10752K, 0% used [0x000000076fb00000,0x000000076fb00000,0x0000000770580000)
 ParOldGen       total 173568K, used 0K [0x00000006c3200000, 0x00000006cdb80000, 0x000000076bb80000)
  object space 173568K, 0% used [0x00000006c3200000,0x00000006c3200000,0x00000006cdb80000)
 Metaspace       used 16410K, capacity 17100K, committed 17280K, reserved 1064960K
  class space    used 2139K, capacity 2308K, committed 2432K, reserved 1048576K
Event: 1.141 GC heap after
Heap after GC invocations=1 (full 0):
 PSYoungGen      total 75776K, used 9406K [0x000000076bb80000, 0x0000000771000000, 0x00000007c0000000)
  eden space 65024K, 0% used [0x000000076bb80000,0x000000076bb80000,0x000000076fb00000)
  from space 10752K, 87% used [0x000000076fb00000,0x000000077042f8b0,0x0000000770580000)
  to   space 10752K, 0% used [0x0000000770580000,0x0000000770580000,0x0000000771000000)
 ParOldGen       total 173568K, used 88K [0x00000006c3200000, 0x00000006cdb80000, 0x000000076bb80000)
  object space 173568K, 0% used [0x00000006c3200000,0x00000006c3216010,0x00000006cdb80000)
 Metaspace       used 16410K, capacity 17100K, committed 17280K, reserved 1064960K
  class space    used 2139K, capacity 2308K, committed 2432K, reserved 1048576K
}
Event: 1.514 GC heap before
{Heap before GC invocations=2 (full 0):
 PSYoungGen      total 75776K, used 51868K [0x000000076bb80000, 0x0000000771000000, 0x00000007c0000000)
  eden space 65024K, 65% used [0x000000076bb80000,0x000000076e4f7860,0x000000076fb00000)
  from space 10752K, 87% used [0x000000076fb00000,0x000000077042f8b0,0x0000000770580000)
  to   space 10752K, 0% used [0x0000000770580000,0x0000000770580000,0x0000000771000000)
 ParOldGen       total 173568K, used 88K [0x00000006c3200000, 0x00000006cdb80000, 0x000000076bb80000)
  object space 173568K, 0% used [0x00000006c3200000,0x00000006c3216010,0x00000006cdb80000)
 Metaspace       used 20165K, capacity 21283K, committed 21296K, reserved 1067008K
  class space    used 2722K, capacity 2944K, committed 2944K, reserved 1048576K
Event: 1.520 GC heap after
Heap after GC invocations=2 (full 0):
 PSYoungGen      total 75776K, used 9668K [0x000000076bb80000, 0x0000000774f80000, 0x00000007c0000000)
  eden space 65024K, 0% used [0x000000076bb80000,0x000000076bb80000,0x000000076fb00000)
  from space 10752K, 89% used [0x0000000770580000,0x0000000770ef1030,0x0000000771000000)
  to   space 10752K, 0% used [0x000000076fb00000,0x000000076fb00000,0x0000000770580000)
 ParOldGen       total 173568K, used 104K [0x00000006c3200000, 0x00000006cdb80000, 0x000000076bb80000)
  object space 173568K, 0% used [0x00000006c3200000,0x00000006c321a010,0x00000006cdb80000)
 Metaspace       used 20165K, capacity 21283K, committed 21296K, reserved 1067008K
  class space    used 2722K, capacity 2944K, committed 2944K, reserved 1048576K
}
Event: 1.520 GC heap before
{Heap before GC invocations=3 (full 1):
 PSYoungGen      total 75776K, used 9668K [0x000000076bb80000, 0x0000000774f80000, 0x00000007c0000000)
  eden space 65024K, 0% used [0x000000076bb80000,0x000000076bb80000,0x000000076fb00000)
  from space 10752K, 89% used [0x0000000770580000,0x0000000770ef1030,0x0000000771000000)
  to   space 10752K, 0% used [0x000000076fb00000,0x000000076fb00000,0x0000000770580000)
 ParOldGen       total 173568K, used 104K [0x00000006c3200000, 0x00000006cdb80000, 0x000000076bb80000)
  object space 173568K, 0% used [0x00000006c3200000,0x00000006c321a010,0x00000006cdb80000)
 Metaspace       used 20165K, capacity 21283K, committed 21296K, reserved 1067008K
  class space    used 2722K, capacity 2944K, committed 2944K, reserved 1048576K
Event: 1.539 GC heap after
Heap after GC invocations=3 (full 1):
 PSYoungGen      total 75776K, used 0K [0x000000076bb80000, 0x0000000774f80000, 0x00000007c0000000)
  eden space 65024K, 0% used [0x000000076bb80000,0x000000076bb80000,0x000000076fb00000)
  from space 10752K, 0% used [0x0000000770580000,0x0000000770580000,0x0000000771000000)
  to   space 10752K, 0% used [0x000000076fb00000,0x000000076fb00000,0x0000000770580000)
 ParOldGen       total 110080K, used 9364K [0x00000006c3200000, 0x00000006c9d80000, 0x000000076bb80000)
  object space 110080K, 8% used [0x00000006c3200000,0x00000006c3b25010,0x00000006c9d80000)
 Metaspace       used 20165K, capacity 21283K, committed 21296K, reserved 1067008K
  class space    used 2722K, capacity 2944K, committed 2944K, reserved 1048576K
}

Deoptimization events (0 events):
No events

Classes redefined (0 events):
No events

Internal exceptions (10 events):
Event: 1.429 Thread 0x0000026bc2c11800 Exception <a 'java/lang/ClassNotFoundException': org/springframework/aop/framework/AopInfrastructureBeanCustomizer> (0x000000076dd8d5e0) thrown at [C:\wsjdk\Corretto8Src\installers\windows\zip\corretto-build\buildRoot\hotspot\src\share\vm\classfile\system
Event: 1.472 Thread 0x0000026bc2c11800 Exception <a 'java/lang/NoSuchMethodError': java.lang.Object.lambda$byAnnotation$0(Ljava/lang/Class;Ljava/lang/Class;)Z> (0x000000076e0e9758) thrown at [C:\wsjdk\Corretto8Src\installers\windows\zip\corretto-build\buildRoot\hotspot\src\share\vm\interpreter
Event: 1.555 Thread 0x0000026bc2c11800 Exception <a 'java/io/FileNotFoundException'> (0x000000076bc9dff8) thrown at [C:\wsjdk\Corretto8Src\installers\windows\zip\corretto-build\buildRoot\hotspot\src\share\vm\prims\jni.cpp, line 709]
Event: 1.598 Thread 0x0000026be04d9800 Exception <a 'java/lang/NoSuchMethodError': <clinit>> (0x000000076be50800) thrown at [C:\wsjdk\Corretto8Src\installers\windows\zip\corretto-build\buildRoot\hotspot\src\share\vm\prims\jni.cpp, line 1614]
Event: 1.600 Thread 0x0000026be04d9800 Exception <a 'java/lang/ClassNotFoundException': javax/management/remote/rmi/RMIConnectionImpl_Skel> (0x000000076be67ec8) thrown at [C:\wsjdk\Corretto8Src\installers\windows\zip\corretto-build\buildRoot\hotspot\src\share\vm\classfile\systemDictionary.cpp,
Event: 6.774 Thread 0x0000026bc2c11800 Exception <a 'java/io/FileNotFoundException'> (0x000000076c3ea3a0) thrown at [C:\wsjdk\Corretto8Src\installers\windows\zip\corretto-build\buildRoot\hotspot\src\share\vm\prims\jni.cpp, line 709]
Event: 6.775 Thread 0x0000026bc2c11800 Exception <a 'java/io/FileNotFoundException'> (0x000000076c4001d8) thrown at [C:\wsjdk\Corretto8Src\installers\windows\zip\corretto-build\buildRoot\hotspot\src\share\vm\prims\jni.cpp, line 709]
Event: 11.551 Thread 0x0000026be04e4800 Exception <a 'java/lang/NullPointerException'> (0x000000076bd19e50) thrown at [C:\wsjdk\Corretto8Src\installers\windows\zip\corretto-build\buildRoot\hotspot\src\share\vm\interpreter\linkResolver.cpp, line 1185]
Event: 11.551 Thread 0x0000026be04e4800 Exception <a 'java/lang/reflect/InvocationTargetException'> (0x000000076bd1a058) thrown at [C:\wsjdk\Corretto8Src\installers\windows\zip\corretto-build\buildRoot\hotspot\src\share\vm\runtime\reflection.cpp, line 1092]
Event: 11.937 Thread 0x0000026bc2c11800 Exception <a 'java/io/FileNotFoundException'> (0x000000076c416208) thrown at [C:\wsjdk\Corretto8Src\installers\windows\zip\corretto-build\buildRoot\hotspot\src\share\vm\prims\jni.cpp, line 709]

Events (10 events):
Event: 12.484 loading class com/sun/jmx/remote/util/OrderClassLoaders done
Event: 12.484 loading class java/rmi/MarshalledObject$MarshalledObjectInputStream
Event: 12.484 loading class java/rmi/MarshalledObject$MarshalledObjectInputStream done
Event: 16.519 Executing VM operation: RevokeBias
Event: 16.519 Executing VM operation: RevokeBias done
Event: 16.520 Thread 0x0000026bdfa0e800 Thread exited: 0x0000026bdfa0e800
Event: 23.302 loading class sun/net/ResourceManager
Event: 23.302 loading class sun/net/ResourceManager done
Event: 40.222 loading class gnu/io/SerialPortEvent
Event: 40.222 loading class gnu/io/SerialPortEvent done


Dynamic libraries:
0x00007ff6798a0000 - 0x00007ff6798da000 	C:\Users\wps\.jdks\corretto-1.8.0_382\bin\java.exe
0x00007ffdf3510000 - 0x00007ffdf3724000 	C:\WINDOWS\SYSTEM32\ntdll.dll
0x00007ffdf28c0000 - 0x00007ffdf2984000 	C:\WINDOWS\System32\KERNEL32.DLL
0x00007ffdf0ab0000 - 0x00007ffdf0e54000 	C:\WINDOWS\System32\KERNELBASE.dll
0x00007ffdf2f90000 - 0x00007ffdf3040000 	C:\WINDOWS\System32\ADVAPI32.dll
0x00007ffdf2140000 - 0x00007ffdf21e7000 	C:\WINDOWS\System32\msvcrt.dll
0x00007ffdf3250000 - 0x00007ffdf32f6000 	C:\WINDOWS\System32\sechost.dll
0x00007ffdf2a70000 - 0x00007ffdf2b87000 	C:\WINDOWS\System32\RPCRT4.dll
0x00007ffdf2bf0000 - 0x00007ffdf2d9e000 	C:\WINDOWS\System32\USER32.dll
0x00007ffdf08c0000 - 0x00007ffdf08e6000 	C:\WINDOWS\System32\win32u.dll
0x00007ffdf2da0000 - 0x00007ffdf2dc9000 	C:\WINDOWS\System32\GDI32.dll
0x00007ffdf08f0000 - 0x00007ffdf0a08000 	C:\WINDOWS\System32\gdi32full.dll
0x00007ffdf0a10000 - 0x00007ffdf0aaa000 	C:\WINDOWS\System32\msvcp_win.dll
0x00007ffdf0e60000 - 0x00007ffdf0f71000 	C:\WINDOWS\System32\ucrtbase.dll
0x00007ffdd3ae0000 - 0x00007ffdd3d73000 	C:\WINDOWS\WinSxS\amd64_microsoft.windows.common-controls_6595b64144ccf1df_6.0.22621.2215_none_270d72677387dfc3\COMCTL32.dll
0x00007ffdf2990000 - 0x00007ffdf29c1000 	C:\WINDOWS\System32\IMM32.DLL
0x0000000059cc0000 - 0x0000000059ccc000 	C:\Program Files (x86)\360\360Safe\safemon\SafeWrapper.dll
0x00007ffddbd70000 - 0x00007ffddbe1b000 	C:\Program Files (x86)\360\360Safe\safemon\libzdtp64.dll
0x00007ffdf16c0000 - 0x00007ffdf1ee3000 	C:\WINDOWS\System32\SHELL32.dll
0x00007ffdf2b90000 - 0x00007ffdf2bee000 	C:\WINDOWS\System32\SHLWAPI.dll
0x00007ffdf0500000 - 0x00007ffdf050a000 	C:\WINDOWS\SYSTEM32\VERSION.dll
0x00007ffda7560000 - 0x00007ffda764f000 	C:\Users\wps\.jdks\corretto-1.8.0_382\jre\bin\msvcr120.dll
0x00007ffda7420000 - 0x00007ffda74c6000 	C:\Users\wps\.jdks\corretto-1.8.0_382\jre\bin\msvcp120.dll
0x0000000058ef0000 - 0x0000000059765000 	C:\Users\wps\.jdks\corretto-1.8.0_382\jre\bin\server\jvm.dll
0x00007ffdf1630000 - 0x00007ffdf1638000 	C:\WINDOWS\System32\PSAPI.DLL
0x00007ffdcf270000 - 0x00007ffdcf279000 	C:\WINDOWS\SYSTEM32\WSOCK32.dll
0x00007ffde53f0000 - 0x00007ffde5424000 	C:\WINDOWS\SYSTEM32\WINMM.dll
0x00007ffdf1640000 - 0x00007ffdf16b1000 	C:\WINDOWS\System32\WS2_32.dll
0x00007ffdc5bb0000 - 0x00007ffdc5bbf000 	C:\Users\wps\.jdks\corretto-1.8.0_382\jre\bin\verify.dll
0x00007ffdc3060000 - 0x00007ffdc3089000 	C:\Users\wps\.jdks\corretto-1.8.0_382\jre\bin\java.dll
0x00007ffdb8520000 - 0x00007ffdb854b000 	C:\Users\wps\.jdks\corretto-1.8.0_382\jre\bin\instrument.dll
0x00007ffdc3a10000 - 0x00007ffdc3a27000 	C:\Users\wps\.jdks\corretto-1.8.0_382\jre\bin\zip.dll
0x00007ffdee7f0000 - 0x00007ffdef0da000 	C:\WINDOWS\SYSTEM32\windows.storage.dll
0x00007ffdf12a0000 - 0x00007ffdf162a000 	C:\WINDOWS\System32\combase.dll
0x00007ffdee6b0000 - 0x00007ffdee7ee000 	C:\WINDOWS\SYSTEM32\wintypes.dll
0x00007ffdf3040000 - 0x00007ffdf3133000 	C:\WINDOWS\System32\SHCORE.dll
0x00007ffdf07f0000 - 0x00007ffdf0816000 	C:\WINDOWS\SYSTEM32\profapi.dll
0x00007ffdbab80000 - 0x00007ffdbab9a000 	C:\Program Files\JetBrains\IntelliJ IDEA 2023.2\bin\breakgen64.dll
0x00007ffdb8500000 - 0x00007ffdb851a000 	C:\Users\wps\.jdks\corretto-1.8.0_382\jre\bin\net.dll
0x00007ffdefe10000 - 0x00007ffdefe79000 	C:\WINDOWS\system32\mswsock.dll
0x00007ffdef510000 - 0x00007ffdef602000 	C:\WINDOWS\SYSTEM32\DNSAPI.dll
0x00007ffdef4e0000 - 0x00007ffdef50d000 	C:\WINDOWS\SYSTEM32\IPHLPAPI.DLL
0x00007ffdf29d0000 - 0x00007ffdf29d9000 	C:\WINDOWS\System32\NSI.dll
0x00007ffde5170000 - 0x00007ffde517a000 	C:\Windows\System32\rasadhlp.dll
0x00007ffde4ff0000 - 0x00007ffde5074000 	C:\WINDOWS\System32\fwpuclnt.dll
0x00007ffdc5ba0000 - 0x00007ffdc5bad000 	C:\Users\wps\.jdks\corretto-1.8.0_382\jre\bin\management.dll
0x00007ffdb84e0000 - 0x00007ffdb84f2000 	C:\Users\wps\.jdks\corretto-1.8.0_382\jre\bin\nio.dll
0x00007ffdf0060000 - 0x00007ffdf007b000 	C:\WINDOWS\SYSTEM32\CRYPTSP.dll
0x00007ffdef900000 - 0x00007ffdef935000 	C:\WINDOWS\system32\rsaenh.dll
0x00007ffdeff00000 - 0x00007ffdeff2c000 	C:\WINDOWS\SYSTEM32\USERENV.dll
0x00007ffdf0200000 - 0x00007ffdf0228000 	C:\WINDOWS\SYSTEM32\bcrypt.dll
0x00007ffdf1220000 - 0x00007ffdf129a000 	C:\WINDOWS\System32\bcryptprimitives.dll
0x00007ffdf0080000 - 0x00007ffdf008c000 	C:\WINDOWS\SYSTEM32\CRYPTBASE.dll
0x00007ffde6870000 - 0x00007ffde6889000 	C:\WINDOWS\SYSTEM32\dhcpcsvc6.DLL
0x00007ffde63a0000 - 0x00007ffde63bf000 	C:\WINDOWS\SYSTEM32\dhcpcsvc.DLL
0x00007ffdcde80000 - 0x00007ffdcde97000 	C:\WINDOWS\system32\napinsp.dll
0x00007ffdcf280000 - 0x00007ffdcf29b000 	C:\WINDOWS\system32\pnrpnsp.dll
0x00007ffdcf250000 - 0x00007ffdcf261000 	C:\WINDOWS\System32\winrnr.dll
0x00007ffdcf230000 - 0x00007ffdcf245000 	C:\WINDOWS\system32\wshbth.dll
0x00007ffdcf200000 - 0x00007ffdcf221000 	C:\WINDOWS\system32\nlansp_c.dll
0x0000000180000000 - 0x0000000180025000 	C:\Users\wps\.jdks\corretto-1.8.0_382\jre\bin\rxtxSerial.dll
0x00007ffdee020000 - 0x00007ffdee24e000 	C:\WINDOWS\SYSTEM32\dbghelp.dll
0x00007ffdf3300000 - 0x00007ffdf33d7000 	C:\WINDOWS\System32\OLEAUT32.dll

VM Arguments:
jvm_args: -XX:TieredStopAtLevel=1 -Xverify:none -Dspring.output.ansi.enabled=always -Dcom.sun.management.jmxremote -Dspring.jmx.enabled=true -Dspring.liveBeansView.mbeanDomain -Dspring.application.admin.enabled=true -Dmanagement.endpoints.jmx.exposure.include=* -javaagent:C:\Program Files\JetBrains\IntelliJ IDEA 2023.2\lib\idea_rt.jar=64523:C:\Program Files\JetBrains\IntelliJ IDEA 2023.2\bin -Dfile.encoding=UTF-8 
java_command: com.cy.SerialPortTestApplication
java_class_path (initial): C:\Users\wps\.jdks\corretto-1.8.0_382\jre\lib\charsets.jar;C:\Users\wps\.jdks\corretto-1.8.0_382\jre\lib\ext\access-bridge-64.jar;C:\Users\wps\.jdks\corretto-1.8.0_382\jre\lib\ext\cldrdata.jar;C:\Users\wps\.jdks\corretto-1.8.0_382\jre\lib\ext\dnsns.jar;C:\Users\wps\.jdks\corretto-1.8.0_382\jre\lib\ext\jaccess.jar;C:\Users\wps\.jdks\corretto-1.8.0_382\jre\lib\ext\jfxrt.jar;C:\Users\wps\.jdks\corretto-1.8.0_382\jre\lib\ext\localedata.jar;C:\Users\wps\.jdks\corretto-1.8.0_382\jre\lib\ext\nashorn.jar;C:\Users\wps\.jdks\corretto-1.8.0_382\jre\lib\ext\sunec.jar;C:\Users\wps\.jdks\corretto-1.8.0_382\jre\lib\ext\sunjce_provider.jar;C:\Users\wps\.jdks\corretto-1.8.0_382\jre\lib\ext\sunmscapi.jar;C:\Users\wps\.jdks\corretto-1.8.0_382\jre\lib\ext\sunpkcs11.jar;C:\Users\wps\.jdks\corretto-1.8.0_382\jre\lib\ext\zipfs.jar;C:\Users\wps\.jdks\corretto-1.8.0_382\jre\lib\jce.jar;C:\Users\wps\.jdks\corretto-1.8.0_382\jre\lib\jfr.jar;C:\Users\wps\.jdks\corretto-1.8.0_382\jre\lib\jfxswt.jar;C:\Users\wps\.jdks\corretto-1.8.0_382\jre\lib\jsse.jar;C:\Users\wps\.jdks\corretto-1.8.0_382\jre\lib\management-agent.jar;C:\Users\wps\.jdks\corretto-1.8.0_382\jre\lib\resources.jar;C:\Users\wps\.jdks\corretto-1.8.0_382\jre\lib\rt.jar;C:\Users\wps\Downloads\springboot-master\springboot-master\serial-port-test\target\classes;C:\Users\wps\.m2\repository\org\springframework\boot\spring-boot-starter\2.6.6\spring-boot-starter-2.6.6.jar;C:\Users\wps\.m2\repository\org\springframework\boot\spring-boot\2.6.6\spring-boot-2.6.6.jar;C:\Users\wps\.m2\repository\org\springframework\spring-context\5.3.18\spring-context-5.3.18.jar;C:\Users\wps\.m2\repository\org\springframework\spring-aop\5.3.18\spring-aop-5.3.18.jar;C:\Users\wps\.m2\repository\org\springframework\spring-beans\5.3.18\spring-beans-5.3.18.jar;C:\Users\wps\.m2\repository\org\springframework\spring-expression\5.3.18\spring-expression-5.3.18.jar;C:\Users\wps\.m2\repository\org\springframework\boot\spring-boot-autoconfigure\2
Launcher Type: SUN_STANDARD

Environment Variables:
JAVA_HOME=D:\program
PATH=C:\Program Files\Common Files\Oracle\Java\javapath;C:\Users\wps\opl\bin\x64_win64;C:\Users\wps\opl\oplide\;C:\Users\wps\cplex\bin\x64_win64;C:\Users\wps\cpoptimizer\bin\x64_win64;D:\Program Files (x86)\VMware\VMware Workstation\bin\;C:\Program Files (x86)\Common Files\Oracle\Java\javapath;C:\Program Files (x86)\NVIDIA Corporation\PhysX\Common;C:\WINDOWS\system32;C:\WINDOWS;C:\WINDOWS\System32\Wbem;C:\WINDOWS\System32\WindowsPowerShell\v1.0\;C:\WINDOWS\System32\OpenSSH\;C:\Program Files (x86)\Pandoc\;C:\Program Files\Git\cmd;D:\Program Files (x86)\NetSarang\Xshell 7\;D:\Program Files (x86)\NetSarang\Xftp 7\;C:\Program Files\IBM\SPSS\Statistics\25\JRE\bin;D:\weixing_developer\微信web开发者工具\dll;C:\Program Files\Docker\Docker\resources\bin;D:\NodeJs\;C:\Users\wps\AppData\Local\Google\Chrome\Application;D:\Program Files (x86)\apache-maven-3.6.1-bin\apache-maven-3.6.1\bin;%JAVA_HOME%\bin;C:\Users\wps\AppData\Local\Programs\Python\Python310\;C:\Users\wps\AppData\Local\Microsoft\WindowsApps;D:\program\bin;D:\idea\bin;;C:\Users\wps\AppData\Local\GitHubDesktop\bin;C:\mysql\mysql-5.7.19-win32\bin;C:\mingw64\bin;C:\mingw64\bin;C:\Users\wps\AppData\Local\Programs\Microsoft VS Code\bin;C:\mingw64\bin;C:\Users\wps\AppData\Local\Programs\Python\Python310\Scripts\;D:\5.9\mingw53_32\bin;D:\program\bin;C:\Program Files\R\R-4.2.2\bin;C:\mingw64\bin;C:\Users\wps\AppData\Roaming\npm;D:\IntelliJ IDEA 2023.1.2\bin;;D:\repository\maven1\apache-maven-3.9.4\bin;
USERNAME=wps
OS=Windows_NT
PROCESSOR_IDENTIFIER=Intel64 Family 6 Model 140 Stepping 1, GenuineIntel



---------------  S Y S T E M  ---------------

OS: Windows 11 , 64 bit Build 22621 (10.0.22621.2215)

CPU:total 8 (initial active 8) (4 cores per cpu, 2 threads per core) family 6 model 140 stepping 1, cmov, cx8, fxsr, mmx, sse, sse2, sse3, ssse3, sse4.1, sse4.2, popcnt, avx, avx2, aes, clmul, erms, 3dnowpref, lzcnt, ht, tsc, tscinvbit, bmi1, bmi2, adx

Memory: 4k page, physical 16567608k(3342968k free), swap 27053368k(7193040k free)

vm_info: OpenJDK 64-Bit Server VM (25.382-b05) for windows-amd64 JRE (1.8.0_382-b05), built on Jul 14 2023 19:32:03 by "Administrator" with MS VC++ 12.0 (VS2013)

time: Sat Sep 23 00:54:59 2023
timezone: 中国标准时间
elapsed time: 40.752442 seconds (0d 0h 0m 40s)

